# JRE version: Java(TM) SE Runtime Environment (8.0_60-b27) (build 1.8.0_60-b27)
# Java VM: Java HotSpot(TM) 64-Bit Server VM (25.60-b23 mixed mode windows-amd64 compressed oops)
Heap:
 PSYoungGen      total 321024K, used 30331K [0x00000000eab00000, 0x0000000100000000, 0x0000000100000000)
  eden space 290816K, 6% used [0x00000000eab00000,0x00000000ebe62f40,0x00000000fc700000)
  from space 30208K, 34% used [0x00000000fe280000,0x00000000fecbc030,0x0000000100000000)
  to   space 28160K, 0% used [0x00000000fc700000,0x00000000fc700000,0x00000000fe280000)
 ParOldGen       total 172032K, used 52123K [0x00000000c0000000, 0x00000000ca800000, 0x00000000eab00000)
  object space 172032K, 30% used [0x00000000c0000000,0x00000000c32e6f38,0x00000000ca800000)
 Metaspace       used 69073K, capacity 73296K, committed 76584K, reserved 1116160K
  class space    used 8646K, capacity 10065K, committed 10792K, reserved 1048576K
GC Heap History (10 events):
Event: 9104.953 GC heap before
{Heap before GC invocations=44 (full 13):
 PSYoungGen      total 320512K, used 1511K [0x00000000eab00000, 0x0000000100000000, 0x0000000100000000)
  eden space 291840K, 0% used [0x00000000eab00000,0x00000000eab00000,0x00000000fc800000)
  from space 28672K, 5% used [0x00000000fc800000,0x00000000fc979e30,0x00000000fe400000)
  to   space 28160K, 0% used [0x00000000fe480000,0x00000000fe480000,0x0000000100000000)
 ParOldGen       total 172032K, used 52542K [0x00000000c0000000, 0x00000000ca800000, 0x00000000eab00000)
  object space 172032K, 30% used [0x00000000c0000000,0x00000000c334fbe8,0x00000000ca800000)
 Metaspace       used 67914K, capacity 71218K, committed 75432K, reserved 1114112K
  class space    used 8437K, capacity 9526K, committed 10664K, reserved 1048576K
Event: 9105.172 GC heap after
Heap after GC invocations=44 (full 13):
 PSYoungGen      total 320512K, used 0K [0x00000000eab00000, 0x0000000100000000, 0x0000000100000000)
  eden space 291840K, 0% used [0x00000000eab00000,0x00000000eab00000,0x00000000fc800000)
  from space 28672K, 0% used [0x00000000fc800000,0x00000000fc800000,0x00000000fe400000)
  to   space 28160K, 0% used [0x00000000fe480000,0x00000000fe480000,0x0000000100000000)
 ParOldGen       total 172032K, used 37421K [0x00000000c0000000, 0x00000000ca800000, 0x00000000eab00000)
  object space 172032K, 21% used [0x00000000c0000000,0x00000000c248b428,0x00000000ca800000)
 Metaspace       used 66845K, capacity 68990K, committed 75432K, reserved 1114112K
  class space    used 8073K, capacity 8775K, committed 10664K, reserved 1048576K
}
Event: 9227.383 GC heap before
{Heap before GC invocations=45 (full 13):
 PSYoungGen      total 320512K, used 291840K [0x00000000eab00000, 0x0000000100000000, 0x0000000100000000)
  eden space 291840K, 100% used [0x00000000eab00000,0x00000000fc800000,0x00000000fc800000)
  from space 28672K, 0% used [0x00000000fc800000,0x00000000fc800000,0x00000000fe400000)
  to   space 28160K, 0% used [0x00000000fe480000,0x00000000fe480000,0x0000000100000000)
 ParOldGen       total 172032K, used 37421K [0x00000000c0000000, 0x00000000ca800000, 0x00000000eab00000)
  object space 172032K, 21% used [0x00000000c0000000,0x00000000c248b428,0x00000000ca800000)
 Metaspace       used 67758K, capacity 70644K, committed 75432K, reserved 1114112K
  class space    used 8372K, capacity 9364K, committed 10664K, reserved 1048576K
Event: 9227.403 GC heap after
Heap after GC invocations=45 (full 13):
 PSYoungGen      total 317952K, used 19094K [0x00000000eab00000, 0x0000000100000000, 0x0000000100000000)
  eden space 289792K, 0% used [0x00000000eab00000,0x00000000eab00000,0x00000000fc600000)
  from space 28160K, 67% used [0x00000000fe480000,0x00000000ff725ab0,0x0000000100000000)
  to   space 29696K, 0% used [0x00000000fc600000,0x00000000fc600000,0x00000000fe300000)
 ParOldGen       total 172032K, used 37421K [0x00000000c0000000, 0x00000000ca800000, 0x00000000eab00000)
  object space 172032K, 21% used [0x00000000c0000000,0x00000000c248b428,0x00000000ca800000)
 Metaspace       used 67758K, capacity 70644K, committed 75432K, reserved 1114112K
  class space    used 8372K, capacity 9364K, committed 10664K, reserved 1048576K
}
Event: 9231.152 GC heap before
{Heap before GC invocations=46 (full 13):
 PSYoungGen      total 317952K, used 91825K [0x00000000eab00000, 0x0000000100000000, 0x0000000100000000)
  eden space 289792K, 25% used [0x00000000eab00000,0x00000000ef206c40,0x00000000fc600000)
  from space 28160K, 67% used [0x00000000fe480000,0x00000000ff725ab0,0x0000000100000000)
  to   space 29696K, 0% used [0x00000000fc600000,0x00000000fc600000,0x00000000fe300000)
 ParOldGen       total 172032K, used 37421K [0x00000000c0000000, 0x00000000ca800000, 0x00000000eab00000)
  object space 172032K, 21% used [0x00000000c0000000,0x00000000c248b428,0x00000000ca800000)
 Metaspace       used 67894K, capacity 70972K, committed 75432K, reserved 1114112K
  class space    used 8408K, capacity 9465K, committed 10664K, reserved 1048576K
Event: 9231.166 GC heap after
Heap after GC invocations=46 (full 13):
 PSYoungGen      total 306176K, used 16087K [0x00000000eab00000, 0x0000000100000000, 0x0000000100000000)
  eden space 289792K, 0% used [0x00000000eab00000,0x00000000eab00000,0x00000000fc600000)
  from space 16384K, 98% used [0x00000000fc600000,0x00000000fd5b5e40,0x00000000fd600000)
  to   space 30208K, 0% used [0x00000000fe280000,0x00000000fe280000,0x0000000100000000)
 ParOldGen       total 172032K, used 37429K [0x00000000c0000000, 0x00000000ca800000, 0x00000000eab00000)
  object space 172032K, 21% used [0x00000000c0000000,0x00000000c248d428,0x00000000ca800000)
 Metaspace       used 67894K, capacity 70972K, committed 75432K, reserved 1114112K
  class space    used 8408K, capacity 9465K, committed 10664K, reserved 1048576K
}
Event: 9231.167 GC heap before
{Heap before GC invocations=47 (full 14):
 PSYoungGen      total 306176K, used 16087K [0x00000000eab00000, 0x0000000100000000, 0x0000000100000000)
  eden space 289792K, 0% used [0x00000000eab00000,0x00000000eab00000,0x00000000fc600000)
  from space 16384K, 98% used [0x00000000fc600000,0x00000000fd5b5e40,0x00000000fd600000)
  to   space 30208K, 0% used [0x00000000fe280000,0x00000000fe280000,0x0000000100000000)
 ParOldGen       total 172032K, used 37429K [0x00000000c0000000, 0x00000000ca800000, 0x00000000eab00000)
  object space 172032K, 21% used [0x00000000c0000000,0x00000000c248d428,0x00000000ca800000)
 Metaspace       used 67894K, capacity 70972K, committed 75432K, reserved 1114112K
  class space    used 8408K, capacity 9465K, committed 10664K, reserved 1048576K
Event: 9231.316 GC heap after
Heap after GC invocations=47 (full 14):
 PSYoungGen      total 306176K, used 0K [0x00000000eab00000, 0x0000000100000000, 0x0000000100000000)
  eden space 289792K, 0% used [0x00000000eab00000,0x00000000eab00000,0x00000000fc600000)
  from space 16384K, 0% used [0x00000000fc600000,0x00000000fc600000,0x00000000fd600000)
  to   space 30208K, 0% used [0x00000000fe280000,0x00000000fe280000,0x0000000100000000)
 ParOldGen       total 172032K, used 52115K [0x00000000c0000000, 0x00000000ca800000, 0x00000000eab00000)
  object space 172032K, 30% used [0x00000000c0000000,0x00000000c32e4f38,0x00000000ca800000)
 Metaspace       used 67861K, capacity 70858K, committed 75432K, reserved 1114112K
  class space    used 8400K, capacity 9431K, committed 10664K, reserved 1048576K
}
Event: 9986.535 GC heap before
{Heap before GC invocations=48 (full 14):
 PSYoungGen      total 306176K, used 289792K [0x00000000eab00000, 0x0000000100000000, 0x0000000100000000)
  eden space 289792K, 100% used [0x00000000eab00000,0x00000000fc600000,0x00000000fc600000)
  from space 16384K, 0% used [0x00000000fc600000,0x00000000fc600000,0x00000000fd600000)
  to   space 30208K, 0% used [0x00000000fe280000,0x00000000fe280000,0x0000000100000000)
 ParOldGen       total 172032K, used 52115K [0x00000000c0000000, 0x00000000ca800000, 0x00000000eab00000)
  object space 172032K, 30% used [0x00000000c0000000,0x00000000c32e4f38,0x00000000ca800000)
 Metaspace       used 68839K, capacity 72936K, committed 76200K, reserved 1114112K
  class space    used 8592K, capacity 9935K, committed 10664K, reserved 1048576K
Event: 9986.558 GC heap after
Heap after GC invocations=48 (full 14):
 PSYoungGen      total 321024K, used 10480K [0x00000000eab00000, 0x0000000100000000, 0x0000000100000000)
  eden space 290816K, 0% used [0x00000000eab00000,0x00000000eab00000,0x00000000fc700000)
  from space 30208K, 34% used [0x00000000fe280000,0x00000000fecbc030,0x0000000100000000)
  to   space 28160K, 0% used [0x00000000fc700000,0x00000000fc700000,0x00000000fe280000)
 ParOldGen       total 172032K, used 52123K [0x00000000c0000000, 0x00000000ca800000, 0x00000000eab00000)
  object space 172032K, 30% used [0x00000000c0000000,0x00000000c32e6f38,0x00000000ca800000)
 Metaspace       used 68839K, capacity 72936K, committed 76200K, reserved 1114112K
  class space    used 8592K, capacity 9935K, committed 10664K, reserved 1048576K
}

